# JRE version: OpenJDK Runtime Environment (8.0_152-b01) (build 1.8.0_152-release-1343-b01)
# Java VM: OpenJDK 64-Bit Server VM (25.152-b01 mixed mode windows-amd64 compressed oops)
Heap:
 PSYoungGen      total 275456K, used 246714K [0x00000000eab00000, 0x00000000ff980000, 0x0000000100000000)
  eden space 208384K, 100% used [0x00000000eab00000,0x00000000f7680000,0x00000000f7680000)
  from space 67072K, 57% used [0x00000000fb800000,0x00000000fdd6eb08,0x00000000ff980000)
  to   space 67072K, 48% used [0x00000000f7680000,0x00000000f9629a38,0x00000000fb800000)
 ParOldGen       total 155136K, used 97736K [0x00000000c0000000, 0x00000000c9780000, 0x00000000eab00000)
  object space 155136K, 63% used [0x00000000c0000000,0x00000000c5f720a0,0x00000000c9780000)
 Metaspace       used 91473K, capacity 97798K, committed 97920K, reserved 1134592K
  class space    used 11500K, capacity 12904K, committed 12928K, reserved 1048576K
GC Heap History (10 events):
Event: 2471.330 GC heap after
Heap after GC invocations=29 (full 3):
 PSYoungGen      total 273408K, used 41928K [0x00000000eab00000, 0x0000000100000000, 0x0000000100000000)
  eden space 196096K, 0% used [0x00000000eab00000,0x00000000eab00000,0x00000000f6a80000)
  from space 77312K, 54% used [0x00000000fb480000,0x00000000fdd72060,0x0000000100000000)
  to   space 75776K, 0% used [0x00000000f6a80000,0x00000000f6a80000,0x00000000fb480000)
 ParOldGen       total 155136K, used 82819K [0x00000000c0000000, 0x00000000c9780000, 0x00000000eab00000)
  object space 155136K, 53% used [0x00000000c0000000,0x00000000c50e0d88,0x00000000c9780000)
 Metaspace       used 83903K, capacity 89654K, committed 89728K, reserved 1126400K
  class space    used 10533K, capacity 11830K, committed 11904K, reserved 1048576K
}
Event: 2471.385 GC heap before
{Heap before GC invocations=30 (full 3):
 PSYoungGen      total 273408K, used 237062K [0x00000000eab00000, 0x0000000100000000, 0x0000000100000000)
  eden space 196096K, 99% used [0x00000000eab00000,0x00000000f698fb38,0x00000000f6a80000)
  from space 77312K, 54% used [0x00000000fb480000,0x00000000fdd72060,0x0000000100000000)
  to   space 75776K, 0% used [0x00000000f6a80000,0x00000000f6a80000,0x00000000fb480000)
 ParOldGen       total 155136K, used 82819K [0x00000000c0000000, 0x00000000c9780000, 0x00000000eab00000)
  object space 155136K, 53% used [0x00000000c0000000,0x00000000c50e0d88,0x00000000c9780000)
 Metaspace       used 83908K, capacity 89654K, committed 89728K, reserved 1126400K
  class space    used 10533K, capacity 11830K, committed 11904K, reserved 1048576K
Event: 2471.449 GC heap after
Heap after GC invocations=30 (full 3):
 PSYoungGen      total 236544K, used 39993K [0x00000000eab00000, 0x00000000ff980000, 0x0000000100000000)
  eden space 196096K, 0% used [0x00000000eab00000,0x00000000eab00000,0x00000000f6a80000)
  from space 40448K, 98% used [0x00000000f6a80000,0x00000000f918e5e8,0x00000000f9200000)
  to   space 73216K, 0% used [0x00000000fb200000,0x00000000fb200000,0x00000000ff980000)
 ParOldGen       total 155136K, used 82854K [0x00000000c0000000, 0x00000000c9780000, 0x00000000eab00000)
  object space 155136K, 53% used [0x00000000c0000000,0x00000000c50e99d8,0x00000000c9780000)
 Metaspace       used 83908K, capacity 89654K, committed 89728K, reserved 1126400K
  class space    used 10533K, capacity 11830K, committed 11904K, reserved 1048576K
}
Event: 2471.537 GC heap before
{Heap before GC invocations=31 (full 3):
 PSYoungGen      total 236544K, used 236086K [0x00000000eab00000, 0x00000000ff980000, 0x0000000100000000)
  eden space 196096K, 99% used [0x00000000eab00000,0x00000000f6a7f388,0x00000000f6a80000)
  from space 40448K, 98% used [0x00000000f6a80000,0x00000000f918e5e8,0x00000000f9200000)
  to   space 73216K, 0% used [0x00000000fb200000,0x00000000fb200000,0x00000000ff980000)
 ParOldGen       total 155136K, used 82854K [0x00000000c0000000, 0x00000000c9780000, 0x00000000eab00000)
  object space 155136K, 53% used [0x00000000c0000000,0x00000000c50e99d8,0x00000000c9780000)
 Metaspace       used 83914K, capacity 89654K, committed 89728K, reserved 1126400K
  class space    used 10533K, capacity 11830K, committed 11904K, reserved 1048576K
Event: 2471.612 GC heap after
Heap after GC invocations=31 (full 3):
 PSYoungGen      total 271872K, used 38821K [0x00000000eab00000, 0x0000000100000000, 0x0000000100000000)
  eden space 198656K, 0% used [0x00000000eab00000,0x00000000eab00000,0x00000000f6d00000)
  from space 73216K, 53% used [0x00000000fb200000,0x00000000fd7e9490,0x00000000ff980000)
  to   space 70656K, 0% used [0x00000000f6d00000,0x00000000f6d00000,0x00000000fb200000)
 ParOldGen       total 155136K, used 83820K [0x00000000c0000000, 0x00000000c9780000, 0x00000000eab00000)
  object space 155136K, 54% used [0x00000000c0000000,0x00000000c51db0a8,0x00000000c9780000)
 Metaspace       used 83914K, capacity 89654K, committed 89728K, reserved 1126400K
  class space    used 10533K, capacity 11830K, committed 11904K, reserved 1048576K
}
Event: 2505.263 GC heap before
{Heap before GC invocations=32 (full 3):
 PSYoungGen      total 271872K, used 237477K [0x00000000eab00000, 0x0000000100000000, 0x0000000100000000)
  eden space 198656K, 100% used [0x00000000eab00000,0x00000000f6d00000,0x00000000f6d00000)
  from space 73216K, 53% used [0x00000000fb200000,0x00000000fd7e9490,0x00000000ff980000)
  to   space 70656K, 0% used [0x00000000f6d00000,0x00000000f6d00000,0x00000000fb200000)
 ParOldGen       total 155136K, used 83820K [0x00000000c0000000, 0x00000000c9780000, 0x00000000eab00000)
  object space 155136K, 54% used [0x00000000c0000000,0x00000000c51db0a8,0x00000000c9780000)
 Metaspace       used 84723K, capacity 90614K, committed 90880K, reserved 1128448K
  class space    used 10666K, capacity 11974K, committed 12032K, reserved 1048576K
Event: 2505.345 GC heap after
Heap after GC invocations=32 (full 3):
 PSYoungGen      total 269312K, used 43540K [0x00000000eab00000, 0x00000000ffc80000, 0x0000000100000000)
  eden space 198656K, 0% used [0x00000000eab00000,0x00000000eab00000,0x00000000f6d00000)
  from space 70656K, 61% used [0x00000000f6d00000,0x00000000f97853c0,0x00000000fb200000)
  to   space 70144K, 0% used [0x00000000fb800000,0x00000000fb800000,0x00000000ffc80000)
 ParOldGen       total 155136K, used 84012K [0x00000000c0000000, 0x00000000c9780000, 0x00000000eab00000)
  object space 155136K, 54% used [0x00000000c0000000,0x00000000c520b0b8,0x00000000c9780000)
 Metaspace       used 84723K, capacity 90614K, committed 90880K, reserved 1128448K
  class space    used 10666K, capacity 11974K, committed 12032K, reserved 1048576K
}
Event: 2514.203 GC heap before
{Heap before GC invocations=33 (full 3):
 PSYoungGen      total 269312K, used 242196K [0x00000000eab00000, 0x00000000ffc80000, 0x0000000100000000)
  eden space 198656K, 100% used [0x00000000eab00000,0x00000000f6d00000,0x00000000f6d00000)
  from space 70656K, 61% used [0x00000000f6d00000,0x00000000f97853c0,0x00000000fb200000)
  to   space 70144K, 0% used [0x00000000fb800000,0x00000000fb800000,0x00000000ffc80000)
 ParOldGen       total 155136K, used 84012K [0x00000000c0000000, 0x00000000c9780000, 0x00000000eab00000)
  object space 155136K, 54% used [0x00000000c0000000,0x00000000c520b0b8,0x00000000c9780000)
 Metaspace       used 85828K, capacity 91790K, committed 92032K, reserved 1128448K
  class space    used 10750K, capacity 12071K, committed 12160K, reserved 1048576K
Event: 2514.294 GC heap after
Heap after GC invocations=33 (full 3):
 PSYoungGen      total 275456K, used 38330K [0x00000000eab00000, 0x00000000ff980000, 0x0000000100000000)
  eden space 208384K, 0% used [0x00000000eab00000,0x00000000eab00000,0x00000000f7680000)
  from space 67072K, 57% used [0x00000000fb800000,0x00000000fdd6eb08,0x00000000ff980000)
  to   space 67072K, 0% used [0x00000000f7680000,0x00000000f7680000,0x00000000fb800000)
 ParOldGen       total 155136K, used 91202K [0x00000000c0000000, 0x00000000c9780000, 0x00000000eab00000)
  object space 155136K, 58% used [0x00000000c0000000,0x00000000c5910b90,0x00000000c9780000)
 Metaspace       used 85828K, capacity 91790K, committed 92032K, reserved 1128448K
  class space    used 10750K, capacity 12071K, committed 12160K, reserved 1048576K
}
Event: 2525.614 GC heap before
{Heap before GC invocations=34 (full 3):
 PSYoungGen      total 275456K, used 246714K [0x00000000eab00000, 0x00000000ff980000, 0x0000000100000000)
  eden space 208384K, 100% used [0x00000000eab00000,0x00000000f7680000,0x00000000f7680000)
  from space 67072K, 57% used [0x00000000fb800000,0x00000000fdd6eb08,0x00000000ff980000)
  to   space 67072K, 0% used [0x00000000f7680000,0x00000000f7680000,0x00000000fb800000)
 ParOldGen       total 155136K, used 91202K [0x00000000c0000000, 0x00000000c9780000, 0x00000000eab00000)
  object space 155136K, 58% used [0x00000000c0000000,0x00000000c5910b90,0x00000000c9780000)
 Metaspace       used 91473K, capacity 97798K, committed 97920K, reserved 1134592K
  class space    used 11500K, capacity 12904K, committed 12928K, reserved 1048576K

